d:\school\semester5\directx\directx-master\trees\trees\debug\vc141.pdb
d:\school\semester5\directx\directx-master\trees\trees\debug\vc141.idb
d:\school\semester5\directx\directx-master\trees\trees\debug\waves.obj
d:\school\semester5\directx\directx-master\trees\trees\debug\treebillboardsapp.obj
d:\school\semester5\directx\directx-master\trees\trees\debug\frameresource.obj
d:\school\semester5\directx\directx-master\trees\trees\debug\mathhelper.obj
d:\school\semester5\directx\directx-master\trees\trees\debug\geometrygenerator.obj
d:\school\semester5\directx\directx-master\trees\trees\debug\gametimer.obj
d:\school\semester5\directx\directx-master\trees\trees\debug\ddstextureloader.obj
d:\school\semester5\directx\directx-master\trees\trees\debug\d3dutil.obj
d:\school\semester5\directx\directx-master\trees\trees\debug\d3dapp.obj
d:\school\semester5\directx\directx-master\trees\trees\debug\camera.obj
d:\school\semester5\directx\101148254_101142747_assignment2\trees\trees\debug\vc141.pdb
d:\school\semester5\directx\101148254_101142747_assignment2\trees\trees\debug\vc141.idb
d:\school\semester5\directx\101148254_101142747_assignment2\trees\trees\debug\waves.obj
d:\school\semester5\directx\101148254_101142747_assignment2\trees\trees\debug\treebillboardsapp.obj
d:\school\semester5\directx\101148254_101142747_assignment2\trees\trees\debug\frameresource.obj
d:\school\semester5\directx\101148254_101142747_assignment2\trees\trees\debug\mathhelper.obj
d:\school\semester5\directx\101148254_101142747_assignment2\trees\trees\debug\geometrygenerator.obj
d:\school\semester5\directx\101148254_101142747_assignment2\trees\trees\debug\gametimer.obj
d:\school\semester5\directx\101148254_101142747_assignment2\trees\trees\debug\ddstextureloader.obj
d:\school\semester5\directx\101148254_101142747_assignment2\trees\trees\debug\d3dutil.obj
d:\school\semester5\directx\101148254_101142747_assignment2\trees\trees\debug\d3dapp.obj
d:\school\semester5\directx\101148254_101142747_assignment2\trees\trees\debug\camera.obj
d:\school\semester5\directx\directx-master\trees\debug\trees.exe
d:\school\semester5\directx\directx-master\trees\debug\trees.ilk
d:\school\semester5\directx\directx-master\trees\debug\trees.pdb
d:\school\semester5\directx\101148254_101142747_assignment2\trees\debug\trees.pdb
d:\school\semester5\directx\101148254_101142747_assignment2\trees\trees\debug\trees.tlog\cl.command.1.tlog
d:\school\semester5\directx\101148254_101142747_assignment2\trees\trees\debug\trees.tlog\cl.read.1.tlog
d:\school\semester5\directx\101148254_101142747_assignment2\trees\trees\debug\trees.tlog\cl.write.1.tlog
d:\school\semester5\directx\101148254_101142747_assignment2\trees\trees\debug\trees.tlog\link.6968-cvtres.read.1.tlog
d:\school\semester5\directx\101148254_101142747_assignment2\trees\trees\debug\trees.tlog\link.6968-cvtres.write.1.tlog
d:\school\semester5\directx\101148254_101142747_assignment2\trees\trees\debug\trees.tlog\link.6968-rc.read.1.tlog
d:\school\semester5\directx\101148254_101142747_assignment2\trees\trees\debug\trees.tlog\link.6968-rc.write.1.tlog
d:\school\semester5\directx\101148254_101142747_assignment2\trees\trees\debug\trees.tlog\link.6968.read.1.tlog
d:\school\semester5\directx\101148254_101142747_assignment2\trees\trees\debug\trees.tlog\link.6968.write.1.tlog
d:\school\semester5\directx\101148254_101142747_assignment2\trees\trees\debug\trees.tlog\link.command.1.tlog
d:\school\semester5\directx\101148254_101142747_assignment2\trees\trees\debug\trees.tlog\link.read.1.tlog
d:\school\semester5\directx\101148254_101142747_assignment2\trees\trees\debug\trees.tlog\link.write.1.tlog
